2021-11-09 01:03:15,699 WARN util.NativeCodeLoader: Unable to load native-hadoop library for your platform... using builtin-java classes where applicable
2021-11-09 01:03:16,498 INFO client.DefaultNoHARMFailoverProxyProvider: Connecting to ResourceManager at /127.0.0.1:8032
2021-11-09 01:03:17,020 INFO mapreduce.JobResourceUploader: Disabling Erasure Coding for path: /tmp/hadoop-yarn/staging/guess/.staging/job_1636416972250_0035
2021-11-09 01:03:17,336 INFO input.FileInputFormat: Total input files to process : 1
2021-11-09 01:03:17,429 INFO mapreduce.JobSubmitter: number of splits:1
2021-11-09 01:03:17,621 INFO mapreduce.JobSubmitter: Submitting tokens for job: job_1636416972250_0035
2021-11-09 01:03:17,621 INFO mapreduce.JobSubmitter: Executing with tokens: []
2021-11-09 01:03:17,826 INFO conf.Configuration: resource-types.xml not found
2021-11-09 01:03:17,826 INFO resource.ResourceUtils: Unable to find 'resource-types.xml'.
2021-11-09 01:03:17,910 INFO impl.YarnClientImpl: Submitted application application_1636416972250_0035
2021-11-09 01:03:17,957 INFO mapreduce.Job: The url to track the job: http://log8415.internal.cloudapp.net:8088/proxy/application_1636416972250_0035/
2021-11-09 01:03:17,958 INFO mapreduce.Job: Running job: job_1636416972250_0035
2021-11-09 01:03:26,082 INFO mapreduce.Job: Job job_1636416972250_0035 running in uber mode : false
2021-11-09 01:03:26,083 INFO mapreduce.Job:  map 0% reduce 0%
2021-11-09 01:03:31,158 INFO mapreduce.Job:  map 100% reduce 0%
2021-11-09 01:03:36,196 INFO mapreduce.Job:  map 100% reduce 100%
2021-11-09 01:03:36,210 INFO mapreduce.Job: Job job_1636416972250_0035 completed successfully
2021-11-09 01:03:36,311 INFO mapreduce.Job: Counters: 54
	File System Counters
		FILE: Number of bytes read=29687
		FILE: Number of bytes written=604673
		FILE: Number of read operations=0
		FILE: Number of large read operations=0
		FILE: Number of write operations=0
		HDFS: Number of bytes read=43296
		HDFS: Number of bytes written=20737
		HDFS: Number of read operations=8
		HDFS: Number of large read operations=0
		HDFS: Number of write operations=2
		HDFS: Number of bytes read erasure-coded=0
	Job Counters 
		Launched map tasks=1
		Launched reduce tasks=1
		Data-local map tasks=1
		Total time spent by all maps in occupied slots (ms)=13475
		Total time spent by all reduces in occupied slots (ms)=14215
		Total time spent by all map tasks (ms)=2695
		Total time spent by all reduce tasks (ms)=2843
		Total vcore-milliseconds taken by all map tasks=2695
		Total vcore-milliseconds taken by all reduce tasks=2843
		Total megabyte-milliseconds taken by all map tasks=13798400
		Total megabyte-milliseconds taken by all reduce tasks=14556160
	Map-Reduce Framework
		Map input records=847
		Map output records=8078
		Map output bytes=74930
		Map output materialized bytes=29687
		Input split bytes=127
		Combine input records=8078
		Combine output records=2268
		Reduce input groups=2268
		Reduce shuffle bytes=29687
		Reduce input records=2268
		Reduce output records=2268
		Spilled Records=4536
		Shuffled Maps =1
		Failed Shuffles=0
		Merged Map outputs=1
		GC time elapsed (ms)=135
		CPU time spent (ms)=1780
		Physical memory (bytes) snapshot=588464128
		Virtual memory (bytes) snapshot=12205166592
		Total committed heap usage (bytes)=634912768
		Peak Map Physical memory (bytes)=309538816
		Peak Map Virtual memory (bytes)=6099386368
		Peak Reduce Physical memory (bytes)=278925312
		Peak Reduce Virtual memory (bytes)=6105780224
	Shuffle Errors
		BAD_ID=0
		CONNECTION=0
		IO_ERROR=0
		WRONG_LENGTH=0
		WRONG_MAP=0
		WRONG_REDUCE=0
	File Input Format Counters 
		Bytes Read=43169
	File Output Format Counters 
		Bytes Written=20737
